<?xml version="1.0" encoding="UTF-8"?>
<testsuite name="Empty Flash Product Id &amp; Empty Flash Mlx Device Project Id" tests="15" errors="0" failures="15" skipped="0" time="30.095">
<testcase classname="Empty Flash Product Id &amp; Empty Flash Mlx Device Project Id.Empty Flash Product Id" name="read product id 1" time="1.122">
<failure message="Parent suite teardown failed:&#10;Resolving variable '${CAPE_MANAGER.is_present}' failed: Variable '${CAPE_MANAGER}' not found." type="AssertionError"></failure>
</testcase>
<testcase classname="Empty Flash Product Id &amp; Empty Flash Mlx Device Project Id.Empty Flash Product Id" name="read product id 2" time="0.998">
<failure message="Parent suite teardown failed:&#10;Resolving variable '${CAPE_MANAGER.is_present}' failed: Variable '${CAPE_MANAGER}' not found." type="AssertionError"></failure>
</testcase>
<testcase classname="Empty Flash Product Id &amp; Empty Flash Mlx Device Project Id.Empty Flash Product Id" name="read product id 3" time="0.978">
<failure message="Parent suite teardown failed:&#10;Resolving variable '${CAPE_MANAGER.is_present}' failed: Variable '${CAPE_MANAGER}' not found." type="AssertionError"></failure>
</testcase>
<testcase classname="Empty Flash Product Id &amp; Empty Flash Mlx Device Project Id.Empty Flash Product Id" name="read product id 4" time="1.006">
<failure message="Parent suite teardown failed:&#10;Resolving variable '${CAPE_MANAGER.is_present}' failed: Variable '${CAPE_MANAGER}' not found." type="AssertionError"></failure>
</testcase>
<testcase classname="Empty Flash Product Id &amp; Empty Flash Mlx Device Project Id.Empty Flash Product Id" name="read product id 5" time="0.973">
<failure message="Parent suite teardown failed:&#10;Resolving variable '${CAPE_MANAGER.is_present}' failed: Variable '${CAPE_MANAGER}' not found." type="AssertionError"></failure>
</testcase>
<testcase classname="Empty Flash Product Id &amp; Empty Flash Mlx Device Project Id.Empty Flash Product Id" name="read product id 6" time="1.004">
<failure message="Parent suite teardown failed:&#10;Resolving variable '${CAPE_MANAGER.is_present}' failed: Variable '${CAPE_MANAGER}' not found." type="AssertionError"></failure>
</testcase>
<testcase classname="Empty Flash Product Id &amp; Empty Flash Mlx Device Project Id.Empty Flash Product Id" name="read product id 7" time="1.006">
<failure message="Parent suite teardown failed:&#10;Resolving variable '${CAPE_MANAGER.is_present}' failed: Variable '${CAPE_MANAGER}' not found." type="AssertionError"></failure>
</testcase>
<testcase classname="Empty Flash Product Id &amp; Empty Flash Mlx Device Project Id.Empty Flash Product Id" name="read product id 8" time="1.000">
<failure message="Parent suite teardown failed:&#10;Resolving variable '${CAPE_MANAGER.is_present}' failed: Variable '${CAPE_MANAGER}' not found." type="AssertionError"></failure>
</testcase>
<testcase classname="Empty Flash Product Id &amp; Empty Flash Mlx Device Project Id.Empty Flash Product Id" name="read product id 9" time="0.965">
<failure message="Parent suite teardown failed:&#10;Resolving variable '${CAPE_MANAGER.is_present}' failed: Variable '${CAPE_MANAGER}' not found." type="AssertionError"></failure>
</testcase>
<testcase classname="Empty Flash Product Id &amp; Empty Flash Mlx Device Project Id.Empty Flash Mlx Device Project Id" name="read mlx device project id 1" time="1.108">
<failure message="Parent suite teardown failed:&#10;Resolving variable '${CAPE_MANAGER.is_present}' failed: Variable '${CAPE_MANAGER}' not found." type="AssertionError"></failure>
</testcase>
<testcase classname="Empty Flash Product Id &amp; Empty Flash Mlx Device Project Id.Empty Flash Mlx Device Project Id" name="read mlx device project id 2" time="0.981">
<failure message="Parent suite teardown failed:&#10;Resolving variable '${CAPE_MANAGER.is_present}' failed: Variable '${CAPE_MANAGER}' not found." type="AssertionError"></failure>
</testcase>
<testcase classname="Empty Flash Product Id &amp; Empty Flash Mlx Device Project Id.Empty Flash Mlx Device Project Id" name="read mlx device project id 3" time="0.983">
<failure message="Parent suite teardown failed:&#10;Resolving variable '${CAPE_MANAGER.is_present}' failed: Variable '${CAPE_MANAGER}' not found." type="AssertionError"></failure>
</testcase>
<testcase classname="Empty Flash Product Id &amp; Empty Flash Mlx Device Project Id.Empty Flash Mlx Device Project Id" name="read mlx device project id 4" time="0.987">
<failure message="Parent suite teardown failed:&#10;Resolving variable '${CAPE_MANAGER.is_present}' failed: Variable '${CAPE_MANAGER}' not found." type="AssertionError"></failure>
</testcase>
<testcase classname="Empty Flash Product Id &amp; Empty Flash Mlx Device Project Id.Empty Flash Mlx Device Project Id" name="read mlx device project id 5" time="0.995">
<failure message="Parent suite teardown failed:&#10;Resolving variable '${CAPE_MANAGER.is_present}' failed: Variable '${CAPE_MANAGER}' not found." type="AssertionError"></failure>
</testcase>
<testcase classname="Empty Flash Product Id &amp; Empty Flash Mlx Device Project Id.Empty Flash Mlx Device Project Id" name="read mlx device project id 6" time="0.988">
<failure message="Parent suite teardown failed:&#10;Resolving variable '${CAPE_MANAGER.is_present}' failed: Variable '${CAPE_MANAGER}' not found." type="AssertionError"></failure>
</testcase>
</testsuite>
